<?xml version="1.0" encoding="UTF-8"?>
<testng-results ignored="0" total="1" passed="1" failed="0" skipped="0">
  <reporter-output>
  </reporter-output>
  <suite started-at="2024-05-13T15:46:45Z" name="Surefire suite" finished-at="2024-05-13T15:46:45Z" duration-ms="41">
    <groups>
    </groups>
    <test started-at="2024-05-13T15:46:45Z" name="Surefire test" finished-at="2024-05-13T15:46:45Z" duration-ms="41">
      <class name="testing.exercise.AppTest">
        <test-method signature="shouldAnswerWithTrue()" started-at="2024-05-13T15:46:45Z" name="shouldAnswerWithTrue" finished-at="2024-05-13T15:46:45Z" duration-ms="6" status="PASS">
          <reporter-output>
          </reporter-output>
        </test-method> <!-- shouldAnswerWithTrue -->
      </class> <!-- testing.exercise.AppTest -->
    </test> <!-- Surefire test -->
  </suite> <!-- Surefire suite -->
</testng-results>
