<?xml version="1.0" encoding="UTF-8"?>
<testng-results ignored="0" total="1" passed="1" failed="0" skipped="0">
  <reporter-output>
  </reporter-output>
  <suite started-at="2024-05-19T09:59:30Z" name="Default suite" finished-at="2024-05-19T09:59:53Z" duration-ms="23048">
    <groups>
    </groups>
    <test started-at="2024-05-19T09:59:30Z" name="Default test" finished-at="2024-05-19T09:59:53Z" duration-ms="23048">
      <class name="tests.leaveTest">
        <test-method is-config="true" signature="setUp()[pri:0, instance:tests.leaveTest@43b9fd5]" started-at="2024-05-19T09:59:30Z" name="setUp" finished-at="2024-05-19T09:59:32Z" duration-ms="1916" status="PASS">
          <reporter-output>
          </reporter-output>
        </test-method> <!-- setUp -->
        <test-method signature="testExample()[pri:0, instance:tests.leaveTest@43b9fd5]" started-at="2024-05-19T09:59:32Z" name="testExample" finished-at="2024-05-19T09:59:53Z" duration-ms="20495" status="PASS">
          <reporter-output>
          </reporter-output>
        </test-method> <!-- testExample -->
        <test-method is-config="true" signature="tearDown()[pri:0, instance:tests.leaveTest@43b9fd5]" started-at="2024-05-19T09:59:53Z" name="tearDown" finished-at="2024-05-19T09:59:53Z" duration-ms="585" status="PASS">
          <reporter-output>
          </reporter-output>
        </test-method> <!-- tearDown -->
      </class> <!-- tests.leaveTest -->
    </test> <!-- Default test -->
  </suite> <!-- Default suite -->
</testng-results>
